\BOOKMARK [0][]{chapter.1}{\376\377\0001\000\040\000I\000n\000t\000r\000o\000d\000u\000c\000t\000i\000o\000n}{}% 1
\BOOKMARK [1][]{section.1.1}{\376\377\0001\000.\0001\000\040\000B\000a\000c\000k\000g\000r\000o\000u\000n\000d\000\040\000\040\000M\000o\000t\000i\000v\000a\000t\000i\000o\000n}{chapter.1}% 2
\BOOKMARK [0][]{chapter.2}{\376\377\0002\000\040\000F\000u\000n\000d\000a\000m\000e\000n\000t\000a\000l\000s}{}% 3
\BOOKMARK [1][]{section.2.1}{\376\377\0002\000.\0001\000\040\000I\000n\000t\000r\000o\000d\000u\000c\000t\000i\000o\000n\000\040\000t\000o\000\040\000A\000r\000t\000i\000f\000i\000c\000i\000a\000l\000\040\000I\000n\000t\000e\000l\000l\000i\000g\000e\000n\000c\000e\000\040\000\040\000M\000a\000c\000h\000i\000n\000e\000\040\000l\000e\000a\000r\000n\000i\000n\000g}{chapter.2}% 4
\BOOKMARK [1][]{section.2.2}{\376\377\0002\000.\0002\000\040\000G\000e\000n\000e\000t\000i\000c\000\040\000A\000l\000g\000o\000r\000i\000t\000h\000m\000s}{chapter.2}% 5
\BOOKMARK [2][]{subsection.2.2.1}{\376\377\0002\000.\0002\000.\0001\000\040\000I\000n\000t\000r\000o\000d\000u\000c\000t\000i\000o\000n}{section.2.2}% 6
\BOOKMARK [2][]{subsection.2.2.2}{\376\377\0002\000.\0002\000.\0002\000\040\000F\000u\000n\000d\000a\000m\000e\000n\000t\000a\000l\000\040\000p\000r\000i\000n\000c\000i\000p\000l\000e\000s}{section.2.2}% 7
\BOOKMARK [2][]{subsection.2.2.3}{\376\377\0002\000.\0002\000.\0003\000\040\000V\000a\000r\000i\000a\000n\000t\000s\000\040\000a\000n\000d\000\040\000e\000x\000t\000e\000n\000s\000i\000o\000n\000s}{section.2.2}% 8
\BOOKMARK [2][]{subsection.2.2.4}{\376\377\0002\000.\0002\000.\0004\000\040\000A\000d\000v\000a\000n\000t\000a\000g\000e\000s\000\040\000a\000n\000d\000\040\000l\000i\000m\000i\000t\000a\000t\000i\000o\000n\000s}{section.2.2}% 9
\BOOKMARK [2][]{subsection.2.2.5}{\376\377\0002\000.\0002\000.\0005\000\040\000C\000o\000n\000c\000l\000u\000s\000i\000o\000n}{section.2.2}% 10
\BOOKMARK [0][]{chapter.3}{\376\377\0003\000\040\000M\000e\000t\000h\000o\000d\000o\000l\000o\000g\000y\000\040\000\040\000A\000l\000g\000o\000r\000i\000t\000h\000m\000s}{}% 11
\BOOKMARK [1][]{subsection.3.0.1}{\376\377\0003\000.\0000\000.\0001\000\040\000I\000n\000t\000r\000o\000d\000u\000c\000t\000i\000o\000n}{chapter.3}% 12
\BOOKMARK [2][]{subsection.3.0.2}{\376\377\0003\000.\0000\000.\0002\000\040\000C\000h\000r\000o\000m\000o\000s\000o\000m\000e\000\040\000r\000e\000p\000r\000e\000s\000e\000n\000t\000a\000t\000i\000o\000n\000\040\000i\000n\000\040\000p\000o\000r\000t\000f\000o\000l\000i\000o\000\040\000o\000p\000t\000i\000m\000i\000z\000a\000t\000i\000o\000n}{subsection.3.0.1}% 13
\BOOKMARK [2][]{subsection.3.0.3}{\376\377\0003\000.\0000\000.\0003\000\040\000C\000r\000o\000s\000s\000o\000v\000e\000r\000\040\000M\000e\000c\000h\000a\000n\000i\000s\000m\000s}{subsection.3.0.1}% 14
\BOOKMARK [2][]{subsection.3.0.4}{\376\377\0003\000.\0000\000.\0004\000\040\000M\000u\000t\000a\000t\000i\000o\000n}{subsection.3.0.1}% 15
\BOOKMARK [2][]{subsection.3.0.5}{\376\377\0003\000.\0000\000.\0005\000\040\000F\000i\000t\000n\000e\000s\000s\000\040\000f\000u\000n\000c\000t\000i\000o\000n\000\040\000a\000n\000d\000\040\000f\000i\000t\000n\000e\000s\000s\000\040\000f\000a\000c\000t\000o\000r\000s}{subsection.3.0.1}% 16
\BOOKMARK [0][]{chapter.4}{\376\377\0004\000\040\0004\000.\000\040\000P\000o\000r\000t\000f\000o\000l\000i\000o\000\040\000O\000p\000t\000i\000m\000i\000z\000a\000t\000i\000o\000n\000\040\000I\000m\000p\000l\000e\000m\000e\000n\000t\000a\000t\000i\000o\000n}{}% 17
\BOOKMARK [1][]{subsection.4.0.1}{\376\377\0004\000.\0000\000.\0001\000\040\000M\000a\000r\000k\000o\000w\000i\000t\000z\000\040\000S\000o\000l\000v\000e\000r}{chapter.4}% 18
\BOOKMARK [2][]{subsection.4.0.2}{\376\377\0004\000.\0000\000.\0002\000\040\000G\000e\000n\000e\000t\000i\000c\000\040\000A\000l\000g\000o\000r\000i\000t\000h\000m\000\040\000\050\000G\000A\000\051}{subsection.4.0.1}% 19
\BOOKMARK [0][]{chapter.5}{\376\377\0005\000\040\000E\000x\000p\000e\000r\000i\000m\000e\000n\000t\000s\000\040\000\040\000R\000e\000s\000u\000l\000t\000s}{}% 20
\BOOKMARK [1][]{subsection.5.0.1}{\376\377\0005\000.\0000\000.\0001\000\040\000C\000o\000m\000p\000a\000r\000a\000t\000i\000v\000e\000\040\000A\000n\000a\000l\000y\000s\000i\000s}{chapter.5}% 21
\BOOKMARK [2][]{subsection.5.0.2}{\376\377\0005\000.\0000\000.\0002\000\040\000M\000a\000r\000k\000o\000w\000i\000t\000z\000\040\000v\000s\000.\000\040\000G\000e\000n\000e\000t\000i\000c\000\040\000A\000l\000g\000o\000r\000i\000t\000h\000m\000:\000\040\000M\000e\000t\000h\000o\000d\000o\000l\000o\000g\000i\000c\000a\000l\000\040\000D\000i\000f\000f\000e\000r\000e\000n\000c\000e\000s}{subsection.5.0.1}% 22
\BOOKMARK [2][]{subsection.5.0.3}{\376\377\0005\000.\0000\000.\0003\000\040\000R\000e\000s\000u\000l\000t\000s\000\040\000C\000o\000m\000p\000a\000r\000i\000s\000o\000n}{subsection.5.0.1}% 23
\BOOKMARK [2][]{subsection.5.0.4}{\376\377\0005\000.\0000\000.\0004\000\040\000D\000i\000f\000f\000e\000r\000e\000n\000c\000e\000s\000\040\000i\000n\000\040\000p\000o\000r\000t\000f\000o\000l\000i\000o\000\040\000c\000o\000m\000p\000o\000s\000i\000t\000i\000o\000n}{subsection.5.0.1}% 24
\BOOKMARK [2][]{subsection.5.0.5}{\376\377\0005\000.\0000\000.\0005\000\040\000C\000o\000n\000v\000e\000r\000g\000e\000n\000c\000e\000\040\000a\000n\000d\000\040\000e\000f\000f\000i\000c\000i\000e\000n\000c\000y\000\040\000o\000f\000\040\000t\000h\000e\000\040\000g\000e\000n\000e\000t\000i\000c\000\040\000a\000l\000g\000o\000r\000i\000t\000h\000m}{subsection.5.0.1}% 25
\BOOKMARK [2][]{subsection.5.0.6}{\376\377\0005\000.\0000\000.\0006\000\040\000W\000i\000t\000h\000\040\000v\000s\000.\000\040\000w\000i\000t\000h\000o\000u\000t\000\040\000A\000I\000\040\000f\000o\000r\000e\000c\000a\000s\000t\000s}{subsection.5.0.1}% 26
\BOOKMARK [2][]{subsection.5.0.7}{\376\377\0005\000.\0000\000.\0007\000\040\000C\000h\000a\000n\000g\000e\000\040\000i\000n\000\040\000c\000o\000r\000r\000e\000l\000a\000t\000i\000o\000n\000s}{subsection.5.0.1}% 27
\BOOKMARK [2][]{subsection.5.0.8}{\376\377\0005\000.\0000\000.\0008\000\040\000I\000m\000p\000a\000c\000t\000\040\000o\000n\000\040\000p\000e\000r\000f\000o\000r\000m\000a\000n\000c\000e}{subsection.5.0.1}% 28
\BOOKMARK [0][]{chapter.6}{\376\377\0006\000\040\000E\000x\000p\000l\000a\000i\000n\000a\000b\000l\000e\000\040\000E\000q\000u\000i\000t\000y\000\040\000R\000e\000s\000e\000a\000r\000c\000h\000\040\000R\000e\000p\000o\000r\000t\000s}{}% 29
\BOOKMARK [0][]{chapter.7}{\376\377\0007\000\040\000D\000i\000s\000c\000u\000s\000s\000i\000o\000n}{}% 30
\BOOKMARK [0][]{chapter.8}{\376\377\0008\000\040\000C\000o\000n\000c\000l\000u\000s\000i\000o\000n\000\040\000\040\000O\000u\000t\000l\000o\000o\000k}{}% 31
\BOOKMARK [0][]{chapter.9}{\376\377\0009\000\040\000A\000p\000p\000e\000n\000d\000i\000x\000\040\000\040\000R\000e\000f\000e\000r\000e\000n\000c\000e\000s}{}% 32
